{
  message: '😍 Databse connected successfully',
  level: 'info',
  label: 'right meow!',
  timestamp: '2023-06-09T14:11:48.739Z'
}
{
  message: 'Application listening on port 5000',
  level: 'info',
  label: 'right meow!',
  timestamp: '2023-06-09T14:11:48.748Z'
}
{
  message: '😍 Databse connected successfully',
  level: 'info',
  label: 'right meow!',
  timestamp: '2023-06-09T14:12:23.082Z'
}
{
  message: 'Application listening on port 5000',
  level: 'info',
  label: 'right meow!',
  timestamp: '2023-06-09T14:12:23.094Z'
}
{
  message: '😍 Databse connected successfully',
  level: 'info',
  label: 'right meow!',
  timestamp: '2023-06-09T14:12:50.605Z'
}
{
  message: 'Application listening on port 5000',
  level: 'info',
  label: 'right meow!',
  timestamp: '2023-06-09T14:12:50.626Z'
}
{
  message: '😍 Databse connected successfully',
  level: 'info',
  label: 'right meow!',
  timestamp: '2023-06-09T14:15:17.796Z'
}
{
  message: 'Application listening on port 5000',
  level: 'info',
  label: 'right meow!',
  timestamp: '2023-06-09T14:15:17.813Z'
}
{
  message: '😍 Databse connected successfully',
  level: 'info',
  label: 'right meow!',
  timestamp: '2023-06-09T14:18:31.583Z'
}
{
  message: 'Application listening on port 5000',
  level: 'info',
  label: 'right meow!',
  timestamp: '2023-06-09T14:18:31.592Z'
}
{
  message: '😍 Databse connected successfully',
  level: 'info',
  label: 'right meow!',
  timestamp: '2023-06-09T14:18:47.510Z'
}
{
  message: 'Application listening on port 5000',
  level: 'info',
  label: 'right meow!',
  timestamp: '2023-06-09T14:18:47.519Z'
}
{
  message: '😍 Databse connected successfully',
  level: 'info',
  label: 'right meow!',
  timestamp: '2023-06-09T14:19:31.303Z'
}
{
  message: 'Application listening on port 5000',
  level: 'info',
  label: 'right meow!',
  timestamp: '2023-06-09T14:19:31.324Z'
}
{
  message: '😍 Databse connected successfully',
  level: 'info',
  label: 'right meow!',
  timestamp: '2023-06-09T14:20:21.110Z'
}
{
  message: 'Application listening on port 5000',
  level: 'info',
  label: 'right meow!',
  timestamp: '2023-06-09T14:20:21.125Z'
}
{
  message: '😍 Databse connected successfully',
  level: 'info',
  label: 'right meow!',
  timestamp: '2023-06-09T14:20:51.466Z'
}
{
  message: 'Application listening on port 5000',
  level: 'info',
  label: 'right meow!',
  timestamp: '2023-06-09T14:20:51.477Z'
}
{
  message: '😍 Databse connected successfully',
  level: 'info',
  label: 'right meow!',
  timestamp: '2023-06-09T14:33:34.887Z'
}
{
  message: 'Application listening on port 5000',
  level: 'info',
  label: 'right meow!',
  timestamp: '2023-06-09T14:33:34.897Z'
}
{
  message: '😍 Databse connected successfully',
  level: 'info',
  label: 'right meow!',
  timestamp: '2023-06-09T14:35:23.452Z'
}
{
  message: 'Application listening on port 5000',
  level: 'info',
  label: 'right meow!',
  timestamp: '2023-06-09T14:35:23.460Z'
}
{
  message: '😍 Databse connected successfully',
  level: 'info',
  label: 'right meow!',
  timestamp: '2023-06-09T14:36:04.337Z'
}
{
  message: 'Application listening on port 5000',
  level: 'info',
  label: 'right meow!',
  timestamp: '2023-06-09T14:36:04.346Z'
}
{
  message: '😍 Databse connected successfully',
  level: 'info',
  label: 'right meow!',
  timestamp: '2023-06-09T14:36:25.619Z'
}
{
  message: 'Application listening on port 5000',
  level: 'info',
  label: 'right meow!',
  timestamp: '2023-06-09T14:36:25.640Z'
}
{
  message: '😍 Databse connected successfully',
  level: 'info',
  label: 'right meow!',
  timestamp: '2023-06-09T14:36:57.551Z'
}
{
  message: 'Application listening on port 5000',
  level: 'info',
  label: 'right meow!',
  timestamp: '2023-06-09T14:36:57.583Z'
}
{
  message: '😍 Databse connected successfully',
  level: 'info',
  label: 'right meow!',
  timestamp: '2023-06-09T14:38:22.670Z'
}
{
  message: 'Application listening on port 5000',
  level: 'info',
  label: 'right meow!',
  timestamp: '2023-06-09T14:38:22.694Z'
}
{
  message: '😍 Databse connected successfully',
  level: 'info',
  label: 'right meow!',
  timestamp: '2023-06-09T14:40:19.783Z'
}
{
  message: 'Application listening on port 5000',
  level: 'info',
  label: 'right meow!',
  timestamp: '2023-06-09T14:40:19.791Z'
}
{
  message: '😍 Databse connected successfully',
  level: 'info',
  label: 'right meow!',
  timestamp: '2023-06-09T14:42:03.885Z'
}
{
  message: 'Application listening on port 5000',
  level: 'info',
  label: 'right meow!',
  timestamp: '2023-06-09T14:42:03.914Z'
}
{
  message: '😍 Databse connected successfully',
  level: 'info',
  label: 'right meow!',
  timestamp: '2023-06-09T14:46:03.696Z'
}
{
  message: 'Application listening on port 5000',
  level: 'info',
  label: 'right meow!',
  timestamp: '2023-06-09T14:46:03.719Z'
}
