{
  message: '😍 Databse connected successfully',
  level: 'info',
  label: 'right meow!',
  timestamp: '2023-06-13T03:02:15.812Z'
}
{
  message: 'Application listening on port 5000',
  level: 'info',
  label: 'right meow!',
  timestamp: '2023-06-13T03:02:15.828Z'
}
{
  message: '😍 Databse connected successfully',
  level: 'info',
  label: 'right meow!',
  timestamp: '2023-06-13T03:03:19.284Z'
}
{
  message: 'Application listening on port 5000',
  level: 'info',
  label: 'right meow!',
  timestamp: '2023-06-13T03:03:19.311Z'
}
{
  message: '😍 Databse connected successfully',
  level: 'info',
  label: 'right meow!',
  timestamp: '2023-06-13T03:10:32.800Z'
}
{
  message: 'Application listening on port 5000',
  level: 'info',
  label: 'right meow!',
  timestamp: '2023-06-13T03:10:32.817Z'
}
{
  message: '😍 Databse connected successfully',
  level: 'info',
  label: 'right meow!',
  timestamp: '2023-06-13T03:32:09.822Z'
}
{
  message: 'Application listening on port 5000',
  level: 'info',
  label: 'right meow!',
  timestamp: '2023-06-13T03:32:09.844Z'
}
{
  message: '😍 Databse connected successfully',
  level: 'info',
  label: 'right meow!',
  timestamp: '2023-06-13T03:32:33.792Z'
}
{
  message: 'Application listening on port 5000',
  level: 'info',
  label: 'right meow!',
  timestamp: '2023-06-13T03:32:33.802Z'
}
{
  message: '😍 Databse connected successfully',
  level: 'info',
  label: 'right meow!',
  timestamp: '2023-06-13T03:32:41.358Z'
}
{
  message: 'Application listening on port 5000',
  level: 'info',
  label: 'right meow!',
  timestamp: '2023-06-13T03:32:41.383Z'
}
{
  message: '😍 Databse connected successfully',
  level: 'info',
  label: 'right meow!',
  timestamp: '2023-06-13T03:33:49.614Z'
}
{
  message: 'Application listening on port 5000',
  level: 'info',
  label: 'right meow!',
  timestamp: '2023-06-13T03:33:49.638Z'
}
{
  message: '😍 Databse connected successfully',
  level: 'info',
  label: 'right meow!',
  timestamp: '2023-06-13T03:36:42.655Z'
}
{
  message: 'Application listening on port 5000',
  level: 'info',
  label: 'right meow!',
  timestamp: '2023-06-13T03:36:42.676Z'
}
{
  message: '😍 Databse connected successfully',
  level: 'info',
  label: 'right meow!',
  timestamp: '2023-06-13T03:37:09.233Z'
}
{
  message: 'Application listening on port 5000',
  level: 'info',
  label: 'right meow!',
  timestamp: '2023-06-13T03:37:09.252Z'
}
{
  message: '😍 Databse connected successfully',
  level: 'info',
  label: 'right meow!',
  timestamp: '2023-06-13T03:37:17.801Z'
}
{
  message: 'Application listening on port 5000',
  level: 'info',
  label: 'right meow!',
  timestamp: '2023-06-13T03:37:17.816Z'
}
{
  message: '😍 Databse connected successfully',
  level: 'info',
  label: 'right meow!',
  timestamp: '2023-06-13T03:37:36.845Z'
}
{
  message: 'Application listening on port 5000',
  level: 'info',
  label: 'right meow!',
  timestamp: '2023-06-13T03:37:36.869Z'
}
{
  message: '😍 Databse connected successfully',
  level: 'info',
  label: 'right meow!',
  timestamp: '2023-06-13T03:38:12.512Z'
}
{
  message: 'Application listening on port 5000',
  level: 'info',
  label: 'right meow!',
  timestamp: '2023-06-13T03:38:12.538Z'
}
{
  message: '😍 Databse connected successfully',
  level: 'info',
  label: 'right meow!',
  timestamp: '2023-06-13T03:38:27.021Z'
}
{
  message: 'Application listening on port 5000',
  level: 'info',
  label: 'right meow!',
  timestamp: '2023-06-13T03:38:27.053Z'
}
{
  message: '😍 Databse connected successfully',
  level: 'info',
  label: 'right meow!',
  timestamp: '2023-06-13T03:39:00.431Z'
}
{
  message: 'Application listening on port 5000',
  level: 'info',
  label: 'right meow!',
  timestamp: '2023-06-13T03:39:00.442Z'
}
{
  message: '😍 Databse connected successfully',
  level: 'info',
  label: 'right meow!',
  timestamp: '2023-06-13T03:39:05.397Z'
}
{
  message: 'Application listening on port 5000',
  level: 'info',
  label: 'right meow!',
  timestamp: '2023-06-13T03:39:05.405Z'
}
{
  message: '😍 Databse connected successfully',
  level: 'info',
  label: 'right meow!',
  timestamp: '2023-06-13T03:39:32.062Z'
}
{
  message: 'Application listening on port 5000',
  level: 'info',
  label: 'right meow!',
  timestamp: '2023-06-13T03:39:32.070Z'
}
{
  message: '😍 Databse connected successfully',
  level: 'info',
  label: 'right meow!',
  timestamp: '2023-06-13T03:39:52.356Z'
}
{
  message: 'Application listening on port 5000',
  level: 'info',
  label: 'right meow!',
  timestamp: '2023-06-13T03:39:52.377Z'
}
{
  message: '😍 Databse connected successfully',
  level: 'info',
  label: 'right meow!',
  timestamp: '2023-06-13T03:40:39.682Z'
}
{
  message: 'Application listening on port 5000',
  level: 'info',
  label: 'right meow!',
  timestamp: '2023-06-13T03:40:39.717Z'
}
{
  message: '😍 Databse connected successfully',
  level: 'info',
  label: 'right meow!',
  timestamp: '2023-06-13T03:50:14.414Z'
}
{
  message: 'Application listening on port 5000',
  level: 'info',
  label: 'right meow!',
  timestamp: '2023-06-13T03:50:14.427Z'
}
{
  message: '😍 Databse connected successfully',
  level: 'info',
  label: 'right meow!',
  timestamp: '2023-06-13T03:57:22.015Z'
}
{
  message: 'Application listening on port 5000',
  level: 'info',
  label: 'right meow!',
  timestamp: '2023-06-13T03:57:22.032Z'
}
