{
  message: '😍 Databse connected successfully',
  level: 'info',
  label: 'right meow!',
  timestamp: '2023-07-03T08:12:22.451Z'
}
{
  message: 'Application listening on port 5000',
  level: 'info',
  label: 'right meow!',
  timestamp: '2023-07-03T08:12:22.463Z'
}
{
  message: '😍 Databse connected successfully',
  level: 'info',
  label: 'right meow!',
  timestamp: '2023-07-03T08:14:42.173Z'
}
{
  message: 'Application listening on port 5000',
  level: 'info',
  label: 'right meow!',
  timestamp: '2023-07-03T08:14:42.187Z'
}
{
  message: '😍 Databse connected successfully',
  level: 'info',
  label: 'right meow!',
  timestamp: '2023-07-03T08:16:04.058Z'
}
{
  message: 'Application listening on port 5000',
  level: 'info',
  label: 'right meow!',
  timestamp: '2023-07-03T08:16:04.072Z'
}
