{
  message: '😍 Databse connected successfully',
  level: 'info',
  label: 'right meow!',
  timestamp: '2023-06-14T16:04:09.625Z'
}
{
  message: 'Application listening on port 5000',
  level: 'info',
  label: 'right meow!',
  timestamp: '2023-06-14T16:04:09.634Z'
}
{
  message: '😍 Databse connected successfully',
  level: 'info',
  label: 'right meow!',
  timestamp: '2023-06-14T16:05:20.639Z'
}
{
  message: 'Application listening on port 5000',
  level: 'info',
  label: 'right meow!',
  timestamp: '2023-06-14T16:05:20.670Z'
}
