{
  message: '😍 Databse connected successfully',
  level: 'info',
  label: 'right meow!',
  timestamp: '2023-06-09T13:26:00.058Z'
}
{
  message: 'Application listening on port 5000',
  level: 'info',
  label: 'right meow!',
  timestamp: '2023-06-09T13:26:00.078Z'
}
{
  message: '😍 Databse connected successfully',
  level: 'info',
  label: 'right meow!',
  timestamp: '2023-06-09T13:28:00.689Z'
}
{
  message: 'Application listening on port 5000',
  level: 'info',
  label: 'right meow!',
  timestamp: '2023-06-09T13:28:00.700Z'
}
{
  message: '😍 Databse connected successfully',
  level: 'info',
  label: 'right meow!',
  timestamp: '2023-06-09T13:42:38.943Z'
}
{
  message: 'Application listening on port 5000',
  level: 'info',
  label: 'right meow!',
  timestamp: '2023-06-09T13:42:38.951Z'
}
{
  message: '😍 Databse connected successfully',
  level: 'info',
  label: 'right meow!',
  timestamp: '2023-06-09T13:43:39.191Z'
}
{
  message: 'Application listening on port 5000',
  level: 'info',
  label: 'right meow!',
  timestamp: '2023-06-09T13:43:39.199Z'
}
{
  message: '😍 Databse connected successfully',
  level: 'info',
  label: 'right meow!',
  timestamp: '2023-06-09T13:43:54.578Z'
}
{
  message: 'Application listening on port 5000',
  level: 'info',
  label: 'right meow!',
  timestamp: '2023-06-09T13:43:54.586Z'
}
{
  message: '😍 Databse connected successfully',
  level: 'info',
  label: 'right meow!',
  timestamp: '2023-06-09T13:44:00.977Z'
}
{
  message: 'Application listening on port 5000',
  level: 'info',
  label: 'right meow!',
  timestamp: '2023-06-09T13:44:01.013Z'
}
{
  message: '😍 Databse connected successfully',
  level: 'info',
  label: 'right meow!',
  timestamp: '2023-06-09T13:44:30.608Z'
}
{
  message: 'Application listening on port 5000',
  level: 'info',
  label: 'right meow!',
  timestamp: '2023-06-09T13:44:30.616Z'
}
