{
  stringValue: '"64a4266a6b77ad9"',
  messageFormat: undefined,
  kind: 'ObjectId',
  value: '64a4266a6b77ad9',
  path: '_id',
  reason: BSONError: Argument passed in must be a string of 12 bytes or a string of 24 hex characters or an integer
      at new ObjectId (E:\Next Lavel\Mission-3\university-management-auth-service\node_modules\bson\src\objectid.ts:88:15)
      at castObjectId (E:\Next Lavel\Mission-3\university-management-auth-service\node_modules\mongoose\lib\cast\objectid.js:25:12)
      at ObjectId.cast (E:\Next Lavel\Mission-3\university-management-auth-service\node_modules\mongoose\lib\schema\objectid.js:246:12)
      at ObjectId.SchemaType.applySetters (E:\Next Lavel\Mission-3\university-management-auth-service\node_modules\mongoose\lib\schematype.js:1204:12)
      at ObjectId.SchemaType.castForQuery (E:\Next Lavel\Mission-3\university-management-auth-service\node_modules\mongoose\lib\schematype.js:1616:15)
      at cast (E:\Next Lavel\Mission-3\university-management-auth-service\node_modules\mongoose\lib\cast.js:348:32)
      at model.Query.Query.cast (E:\Next Lavel\Mission-3\university-management-auth-service\node_modules\mongoose\lib\query.js:4874:12)
      at model.Query.Query._castConditions (E:\Next Lavel\Mission-3\university-management-auth-service\node_modules\mongoose\lib\query.js:2210:10)
      at model.Query._findOne (E:\Next Lavel\Mission-3\university-management-auth-service\node_modules\mongoose\lib\query.js:2497:8)
      at model.Query.exec (E:\Next Lavel\Mission-3\university-management-auth-service\node_modules\mongoose\lib\query.js:4404:28),
  valueType: 'string',
  model: Model { AcadamicSemester },
  level: 'error',
  label: 'right meow!',
  timestamp: '2023-07-06T14:45:15.776Z'
}
