{
  message: 'Fail to connect database 😢 Server selection timed out after 30000 ms',
  reason: TopologyDescription {
    type: 'ReplicaSetNoPrimary',
    servers: Map(3) {
      'ac-mccbz77-shard-00-00.mkhfv0k.mongodb.net:27017' => ServerDescription {
        address: 'ac-mccbz77-shard-00-00.mkhfv0k.mongodb.net:27017',
        type: 'RSSecondary',
        hosts: [
          'ac-mccbz77-shard-00-00.mkhfv0k.mongodb.net:27017',
          'ac-mccbz77-shard-00-01.mkhfv0k.mongodb.net:27017',
          'ac-mccbz77-shard-00-02.mkhfv0k.mongodb.net:27017'
        ],
        passives: [],
        arbiters: [],
        tags: {
          nodeType: 'ELECTABLE',
          region: 'US_EAST_1',
          workloadType: 'OPERATIONAL',
          provider: 'AWS'
        },
        minWireVersion: 0,
        maxWireVersion: 17,
        roundTripTime: 2903.92,
        lastUpdateTime: 1865536,
        lastWriteDate: 2023-06-13T05:48:07.000Z,
        error: null,
        topologyVersion: {
          processId: new ObjectId("6477793fdc457ba677abe155"),
          counter: 4
        },
        setName: 'atlas-13hoxt-shard-0',
        setVersion: 1,
        electionId: null,
        logicalSessionTimeoutMinutes: 30,
        primary: 'ac-mccbz77-shard-00-02.mkhfv0k.mongodb.net:27017',
        me: 'ac-mccbz77-shard-00-00.mkhfv0k.mongodb.net:27017',
        '$clusterTime': {
          clusterTime: new Timestamp({ t: 1686635287, i: 5 }),
          signature: {
            hash: Binary.createFromBase64("O3lK0UP1OIiAOoQQk3zRkiawmOQ=", 0),
            keyId: new Long("7239236152719310854")
          }
        }
      },
      'ac-mccbz77-shard-00-01.mkhfv0k.mongodb.net:27017' => ServerDescription {
        address: 'ac-mccbz77-shard-00-01.mkhfv0k.mongodb.net:27017',
        type: 'RSSecondary',
        hosts: [
          'ac-mccbz77-shard-00-00.mkhfv0k.mongodb.net:27017',
          'ac-mccbz77-shard-00-01.mkhfv0k.mongodb.net:27017',
          'ac-mccbz77-shard-00-02.mkhfv0k.mongodb.net:27017'
        ],
        passives: [],
        arbiters: [],
        tags: {
          nodeType: 'ELECTABLE',
          workloadType: 'OPERATIONAL',
          provider: 'AWS',
          region: 'US_EAST_1'
        },
        minWireVersion: 0,
        maxWireVersion: 17,
        roundTripTime: 4265.84,
        lastUpdateTime: 1867064,
        lastWriteDate: 2023-06-13T05:48:09.000Z,
        error: null,
        topologyVersion: {
          processId: new ObjectId("64777b272cf0208e113c0025"),
          counter: 3
        },
        setName: 'atlas-13hoxt-shard-0',
        setVersion: 1,
        electionId: null,
        logicalSessionTimeoutMinutes: 30,
        primary: 'ac-mccbz77-shard-00-02.mkhfv0k.mongodb.net:27017',
        me: 'ac-mccbz77-shard-00-01.mkhfv0k.mongodb.net:27017',
        '$clusterTime': {
          clusterTime: new Timestamp({ t: 1686635289, i: 1 }),
          signature: {
            hash: Binary.createFromBase64("dAog19e7xeu+T0WQpC9pOJ4HIb4=", 0),
            keyId: new Long("7239236152719310854")
          }
        }
      },
      'ac-mccbz77-shard-00-02.mkhfv0k.mongodb.net:27017' => ServerDescription {
        address: 'ac-mccbz77-shard-00-02.mkhfv0k.mongodb.net:27017',
        type: 'Unknown',
        hosts: [],
        passives: [],
        arbiters: [],
        tags: {},
        minWireVersion: 0,
        maxWireVersion: 0,
        roundTripTime: -1,
        lastUpdateTime: 1841354,
        lastWriteDate: 0,
        error: null,
        topologyVersion: null,
        setName: null,
        setVersion: null,
        electionId: null,
        logicalSessionTimeoutMinutes: null,
        primary: null,
        me: null,
        '$clusterTime': null
      }
    },
    stale: false,
    compatible: true,
    heartbeatFrequencyMS: 10000,
    localThresholdMS: 15,
    setName: 'atlas-13hoxt-shard-0',
    maxElectionId: null,
    maxSetVersion: null,
    commonWireVersion: 0,
    logicalSessionTimeoutMinutes: 30
  },
  code: undefined,
  level: 'error',
  stack: 'MongooseServerSelectionError: Server selection timed out after 30000 ms\n' +
    '    at _handleConnectionErrors (E:\\Next Lavel\\Mission-3\\university-management-auth-service\\node_modules\\mongoose\\lib\\connection.js:792:11)\n' +
    '    at NativeConnection.openUri (E:\\Next Lavel\\Mission-3\\university-management-auth-service\\node_modules\\mongoose\\lib\\connection.js:767:11)\n' +
    '    at processTicksAndRejections (node:internal/process/task_queues:95:5)',
  label: 'right meow!',
  timestamp: '2023-06-13T05:48:13.753Z'
}
