{
  statusCode: 400,
  level: 'error',
  label: 'right meow!',
  timestamp: '2023-07-04T13:41:01.100Z'
}
{
  statusCode: 409,
  level: 'error',
  label: 'right meow!',
  timestamp: '2023-07-04T13:42:15.292Z'
}
{
  statusCode: 400,
  level: 'error',
  label: 'right meow!',
  timestamp: '2023-07-04T13:50:17.868Z'
}
{
  statusCode: 400,
  level: 'error',
  label: 'right meow!',
  timestamp: '2023-07-04T13:52:34.363Z'
}
{
  statusCode: 400,
  level: 'error',
  label: 'right meow!',
  timestamp: '2023-07-04T13:54:26.995Z'
}
